#
# There is insufficient memory for the Java Runtime Environment to continue.
# Native memory allocation (mmap) failed to map 134217728 bytes. Error detail: G1 virtual space
# Possible reasons:
#   The system is out of physical RAM or swap space
#   This process is running with CompressedOops enabled, and the Java Heap may be blocking the growth of the native heap
# Possible solutions:
#   Reduce memory load on the system
#   Increase physical memory or swap space
#   Check if swap backing store is full
#   Decrease Java heap size (-Xmx/-Xms)
#   Decrease number of Java threads
#   Decrease Java thread stack sizes (-Xss)
#   Set larger code cache with -XX:ReservedCodeCacheSize=
#   JVM is running with Unscaled Compressed Oops mode in which the Java heap is
#     placed in the first 4GB address space. The Java Heap base address is the
#     maximum limit for the native heap growth. Please use -XX:HeapBaseMinAddress
#     to set the Java Heap base and to place the Java Heap above 4GB virtual address.
# This output file may be truncated or incomplete.
#
#  Out of Memory Error (os_windows.cpp:3898), pid=660, tid=1032
#
# JRE version:  (21.0.7+9) (build )
# Java VM: OpenJDK 64-Bit Server VM (21.0.7+9-b895.130, mixed mode, sharing, tiered, compressed oops, compressed class ptrs, g1 gc, windows-amd64)
# No core dump will be written. Minidumps are not enabled by default on client versions of Windows
#

---------------  S U M M A R Y ------------

Command Line: git4idea.http.GitAskPassApp Username for 'https://github.com': 

Host: Intel(R) Core(TM) i3-2330M CPU @ 2.20GHz, 4 cores, 7G,  Windows 10 , 64 bit Build 19041 (10.0.19041.5915)
Time: Fri Nov 28 22:32:30 2025 India Standard Time elapsed time: 0.103160 seconds (0d 0h 0m 0s)

---------------  T H R E A D  ---------------

Current thread (0x000002c295131ec0):  JavaThread "Unknown thread" [_thread_in_vm, id=1032, stack(0x000000d9d1500000,0x000000d9d1600000) (1024K)]

Stack: [0x000000d9d1500000,0x000000d9d1600000]
Native frames: (J=compiled Java code, j=interpreted, Vv=VM code, C=native code)
V  [jvm.dll+0x6e6049]
V  [jvm.dll+0x8c4343]
V  [jvm.dll+0x8c689e]
V  [jvm.dll+0x8c6f83]
V  [jvm.dll+0x289266]
V  [jvm.dll+0x6e28c5]
V  [jvm.dll+0x6d634a]
V  [jvm.dll+0x36388b]
V  [jvm.dll+0x36b456]
V  [jvm.dll+0x3bd7e6]
V  [jvm.dll+0x3bdab8]
V  [jvm.dll+0x335fdc]
V  [jvm.dll+0x336ccb]
V  [jvm.dll+0x88b7a9]
V  [jvm.dll+0x3ca9b8]
V  [jvm.dll+0x8747f8]
V  [jvm.dll+0x45f3ce]
V  [jvm.dll+0x4610b1]
C  [jli.dll+0x52ab]
C  [ucrtbase.dll+0x21bb2]
C  [KERNEL32.DLL+0x17374]
C  [ntdll.dll+0x4cc91]


---------------  P R O C E S S  ---------------

Threads class SMR info:
_java_thread_list=0x00007fff0acbb148, length=0, elements={
}

Java Threads: ( => current thread )
Total: 0

Other Threads:
  0x000002c297352c80 WorkerThread "GC Thread#0"                     [id=4024, stack(0x000000d9d1600000,0x000000d9d1700000) (1024K)]
  0x000002c297364a00 ConcurrentGCThread "G1 Main Marker"            [id=11860, stack(0x000000d9d1700000,0x000000d9d1800000) (1024K)]
  0x000002c297365410 WorkerThread "G1 Conc#0"                       [id=3196, stack(0x000000d9d1800000,0x000000d9d1900000) (1024K)]

[error occurred during error reporting (printing all threads), id 0xc0000005, EXCEPTION_ACCESS_VIOLATION (0xc0000005) at pc=0x00007fff0a3a90b7]
VM state: not at safepoint (not fully initialized)

VM Mutex/Monitor currently owned by a thread:  ([mutex/lock_event])
[0x00007fff0ad2fab8] Heap_lock - owner thread: 0x000002c295131ec0

Heap address: 0x0000000080c00000, size: 2036 MB, Compressed Oops mode: 32-bit

CDS archive(s) mapped at: [0x0000000000000000-0x0000000000000000-0x0000000000000000), size 0, SharedBaseAddress: 0x0000000800000000, ArchiveRelocationMode: 1.
Narrow klass base: 0x0000000000000000, Narrow klass shift: 0, Narrow klass range: 0x0

GC Precious Log:
 CardTable entry size: 512
 Card Set container configuration: InlinePtr #cards 5 size 8 Array Of Cards #cards 12 size 40 Howl #buckets 4 coarsen threshold 1843 Howl Bitmap #cards 512 size 80 coarsen threshold 460 Card regions per heap region 1 cards per card region 2048

Heap:
 garbage-first heap   total 0K, used 0K [0x0000000080c00000, 0x0000000100000000)
  region size 1024K, 0 young (0K), 0 survivors (0K)
 Metaspace       used 0K, committed 0K, reserved 0K
  class space    used 0K, committed 0K, reserved 0K

Heap Regions: E=young(eden), S=young(survivor), O=old, HS=humongous(starts), HC=humongous(continues), CS=collection set, F=free, TAMS=top-at-mark-start, PB=parsable bottom

Card table byte_map: [0x000002c2aa750000,0x000002c2aab50000] _byte_map_base: 0x000002c2aa34a000

Marking Bits: (CMBitMap*) 0x000002c297353290
 Bits: [0x000002c2aab50000, 0x000002c2acb20000)

GC Heap History (0 events):
No events

Dll operation events (1 events):
Event: 0.029 Loaded shared library C:\Program Files\JetBrains\IntelliJ IDEA Community Edition 2025.1.3\jbr\bin\java.dll

Deoptimization events (0 events):
No events

Classes loaded (0 events):
No events

Classes unloaded (0 events):
No events

Classes redefined (0 events):
No events

Internal exceptions (0 events):
No events

ZGC Phase Switch (0 events):
No events

VM Operations (0 events):
No events

Memory protections (0 events):
No events

Nmethod flushes (0 events):
No events

Events (0 events):
No events


Dynamic libraries:
0x00007ff6d7170000 - 0x00007ff6d717a000 	C:\Program Files\JetBrains\IntelliJ IDEA Community Edition 2025.1.3\jbr\bin\java.exe
0x00007fff5d090000 - 0x00007fff5d288000 	C:\Windows\SYSTEM32\ntdll.dll
0x00007fff5cf20000 - 0x00007fff5cfe2000 	C:\Windows\System32\KERNEL32.DLL
0x00007fff5a750000 - 0x00007fff5aa46000 	C:\Windows\System32\KERNELBASE.dll
0x00007fff5ada0000 - 0x00007fff5aea0000 	C:\Windows\System32\ucrtbase.dll
0x00007fff372a0000 - 0x00007fff372b8000 	C:\Program Files\JetBrains\IntelliJ IDEA Community Edition 2025.1.3\jbr\bin\jli.dll
0x00007fff5bea0000 - 0x00007fff5c041000 	C:\Windows\System32\USER32.dll
0x00007fff5af20000 - 0x00007fff5af42000 	C:\Windows\System32\win32u.dll
0x00007fff5ced0000 - 0x00007fff5cefb000 	C:\Windows\System32\GDI32.dll
0x00007fff5ac30000 - 0x00007fff5ad49000 	C:\Windows\System32\gdi32full.dll
0x00007fff5ab00000 - 0x00007fff5ab9d000 	C:\Windows\System32\msvcp_win.dll
0x00007fff56800000 - 0x00007fff5681b000 	C:\Program Files\JetBrains\IntelliJ IDEA Community Edition 2025.1.3\jbr\bin\VCRUNTIME140.dll
0x00007fff4c1c0000 - 0x00007fff4c45b000 	C:\Windows\WinSxS\amd64_microsoft.windows.common-controls_6595b64144ccf1df_6.0.19041.6456_none_60b8a6cb71f64256\COMCTL32.dll
0x00007fff5b3d0000 - 0x00007fff5b46e000 	C:\Windows\System32\msvcrt.dll
0x00007fff5cde0000 - 0x00007fff5ce0f000 	C:\Windows\System32\IMM32.DLL
0x00007fff56b50000 - 0x00007fff56b5c000 	C:\Program Files\JetBrains\IntelliJ IDEA Community Edition 2025.1.3\jbr\bin\vcruntime140_1.dll
0x00007fff24fc0000 - 0x00007fff2504d000 	C:\Program Files\JetBrains\IntelliJ IDEA Community Edition 2025.1.3\jbr\bin\msvcp140.dll
0x00007fff0a060000 - 0x00007fff0ae21000 	C:\Program Files\JetBrains\IntelliJ IDEA Community Edition 2025.1.3\jbr\bin\server\jvm.dll
0x00007fff5c5a0000 - 0x00007fff5c651000 	C:\Windows\System32\ADVAPI32.dll
0x00007fff5cad0000 - 0x00007fff5cb6f000 	C:\Windows\System32\sechost.dll
0x00007fff5b1d0000 - 0x00007fff5b2f0000 	C:\Windows\System32\RPCRT4.dll
0x00007fff5a720000 - 0x00007fff5a747000 	C:\Windows\System32\bcrypt.dll
0x00007fff5c050000 - 0x00007fff5c0bb000 	C:\Windows\System32\WS2_32.dll
0x00007fff5a580000 - 0x00007fff5a5cb000 	C:\Windows\SYSTEM32\POWRPROF.dll
0x00007fff47d20000 - 0x00007fff47d47000 	C:\Windows\SYSTEM32\WINMM.dll
0x00007fff496f0000 - 0x00007fff496fa000 	C:\Windows\SYSTEM32\VERSION.dll
0x00007fff5a560000 - 0x00007fff5a572000 	C:\Windows\SYSTEM32\UMPDC.dll
0x00007fff58590000 - 0x00007fff585a2000 	C:\Windows\SYSTEM32\kernel.appcore.dll
0x00007fff56850000 - 0x00007fff5685a000 	C:\Program Files\JetBrains\IntelliJ IDEA Community Edition 2025.1.3\jbr\bin\jimage.dll
0x00007fff47d50000 - 0x00007fff47f51000 	C:\Windows\SYSTEM32\DBGHELP.DLL
0x00007fff47500000 - 0x00007fff47534000 	C:\Windows\SYSTEM32\dbgcore.DLL
0x00007fff5aba0000 - 0x00007fff5ac22000 	C:\Windows\System32\bcryptPrimitives.dll
0x00007fff567b0000 - 0x00007fff567d0000 	C:\Program Files\JetBrains\IntelliJ IDEA Community Edition 2025.1.3\jbr\bin\java.dll

dbghelp: loaded successfully - version: 4.0.5 - missing functions: none
symbol engine: initialized successfully - sym options: 0x614 - pdb path: .;C:\Program Files\JetBrains\IntelliJ IDEA Community Edition 2025.1.3\jbr\bin;C:\Windows\SYSTEM32;C:\Windows\WinSxS\amd64_microsoft.windows.common-controls_6595b64144ccf1df_6.0.19041.6456_none_60b8a6cb71f64256;C:\Program Files\JetBrains\IntelliJ IDEA Community Edition 2025.1.3\jbr\bin\server

VM Arguments:
java_command: git4idea.http.GitAskPassApp Username for 'https://github.com': 
java_class_path (initial): C:/Program Files/JetBrains/IntelliJ IDEA Community Edition 2025.1.3/plugins/vcs-git/lib/git4idea-rt.jar;C:/Program Files/JetBrains/IntelliJ IDEA Community Edition 2025.1.3/lib/externalProcess-rt.jar
Launcher Type: SUN_STANDARD

[Global flags]
     intx CICompilerCount                          = 3                                         {product} {ergonomic}
     uint ConcGCThreads                            = 1                                         {product} {ergonomic}
     uint G1ConcRefinementThreads                  = 4                                         {product} {ergonomic}
   size_t G1HeapRegionSize                         = 1048576                                   {product} {ergonomic}
    uintx GCDrainStackTargetSize                   = 64                                        {product} {ergonomic}
   size_t InitialHeapSize                          = 134217728                                 {product} {ergonomic}
   size_t MarkStackSize                            = 4194304                                   {product} {ergonomic}
   size_t MaxHeapSize                              = 2134900736                                {product} {ergonomic}
   size_t MinHeapDeltaBytes                        = 1048576                                   {product} {ergonomic}
   size_t MinHeapSize                              = 8388608                                   {product} {ergonomic}
    uintx NonNMethodCodeHeapSize                   = 5832780                                {pd product} {ergonomic}
    uintx NonProfiledCodeHeapSize                  = 122912730                              {pd product} {ergonomic}
    uintx ProfiledCodeHeapSize                     = 122912730                              {pd product} {ergonomic}
    uintx ReservedCodeCacheSize                    = 251658240                              {pd product} {ergonomic}
     bool SegmentedCodeCache                       = true                                      {product} {ergonomic}
   size_t SoftMaxHeapSize                          = 2134900736                             {manageable} {ergonomic}
     bool UseCompressedOops                        = true                           {product lp64_product} {ergonomic}
     bool UseG1GC                                  = true                                      {product} {ergonomic}
     bool UseLargePagesIndividualAllocation        = false                                  {pd product} {ergonomic}

Logging:
Log output configuration:
 #0: stdout all=warning uptime,level,tags foldmultilines=false
 #1: stderr all=off uptime,level,tags foldmultilines=false

Environment Variables:
PATH=C:\Program Files\Git\mingw64\libexec\git-core;C:\Program Files\Git\mingw64\libexec\git-core;C:\Program Files\Git\mingw64\bin;C:\Program Files\Git\usr\bin;C:\Users\hp\bin;C:\Program Files\Eclipse Adoptium\jdk-17.0.17.10-hotspot\bin;C:\Users\hp\Downloads\WINDOWS.X64_213000_db_home\bin;C:\Windows\system32;C:\Windows;C:\Windows\System32\Wbem;C:\Windows\System32\WindowsPowerShell\v1.0;C:\Windows\System32\OpenSSH;C:\ProgramData\chocolatey\bin;C:\Users\hp\.jdks\openjdk-24.0.1\bin;C:\Program Files\MongoDB\Server\8.0\bin;C:\MongoDB_shell;C:\Program Files\Git\cmd;C:\Program Files\MySQL\MySQL Server 8.0\bin;C:\Program Files\nodejs;C:\Program Files\MySQL\MySQL Shell 8.0\bin;C:\Users\hp\AppData\Local\Programs\Python\Python310\Scripts;C:\Users\hp\AppData\Local\Programs\Python\Python310;C:\Users\hp\AppData\Local\Programs\Python\Launcher;C:\Users\hp\AppData\Local\Microsoft\WindowsApps;C:\Users\hp\AppData\Local\Programs\Microsoft VS Code\bin;C:\Program Files\JetBrains\IntelliJ IDEA Community Edition 2025.1.3\bin;C:\Users\hp\.jdks\openjdk-24.0.1\bin;C:\Users\hp\Documents\apache-maven-3.8.9\bin;C:\Program Files\MongoDB\Server\8.0\bin;C:\MongoDB_shell;C:\Program Files\MySQL\MySQL Server 8.0\bin;C:\Users\hp\AppData\Roaming\npm
USERNAME=hp
DISPLAY=:0.0
LANG=en_US.UTF-8
LC_ALL=en_US.UTF-8
TERM=xterm-256color
TMPDIR=C:\Users\hp\AppData\Local\Temp
OS=Windows_NT
PROCESSOR_IDENTIFIER=Intel64 Family 6 Model 42 Stepping 7, GenuineIntel
TMP=C:\Users\hp\AppData\Local\Temp
TEMP=C:\Users\hp\AppData\Local\Temp




Periodic native trim disabled

JNI global refs:
JNI global refs: 0, weak refs: 0

JNI global refs memory usage: 0, weak refs: 0

Process memory usage:
Resident Set Size: 10668K (0% of 8335212K total physical memory with 572884K free physical memory)

OOME stack traces (most recent first):
Classloader memory used:

---------------  S Y S T E M  ---------------

OS:
 Windows 10 , 64 bit Build 19041 (10.0.19041.5915)
OS uptime: 2 days 9:40 hours

CPU: total 4 (initial active 4) (2 cores per cpu, 2 threads per core) family 6 model 42 stepping 7 microcode 0x2f, cx8, cmov, fxsr, ht, mmx, sse, sse2, sse3, ssse3, sse4.1, sse4.2, popcnt, tsc, tscinvbit, avx, clmul, vzeroupper, clflush, rdtscp
Processor Information for the first 4 processors :
  Max Mhz: 2200, Current Mhz: 2200, Mhz Limit: 2200

Memory: 4k page, system-wide physical 8139M (559M free)
TotalPageFile size 32715M (AvailPageFile size 52M)
current process WorkingSet (physical memory assigned to process): 10M, peak: 10M
current process commit charge ("private bytes"): 51M, peak: 179M

vm_info: OpenJDK 64-Bit Server VM (21.0.7+9-b895.130) for windows-amd64 JRE (21.0.7+9-b895.130), built on 2025-05-13 by "builduser" with MS VC++ 16.10 / 16.11 (VS2019)

END.
